<?xml version="1.0" encoding="UTF-8"?>
<!-- Generated by org.testng.reporters.JUnitXMLReporter -->
<testsuite hostname="JIM-TI8227" name="Test" tests="3" failures="0" timestamp="21 Feb 2016 07:45:36 GMT" time="45.993" errors="0">
  <testcase name="InvalidLogin" time="4.392" classname="testScript.Scenario_Login"/>
  <testcase name="InvalidLogin" time="3.464" classname="testScript.Scenario_Login"/>
  <testcase name="ValidLogin" time="5.027" classname="testScript.Scenario_Login"/>
</testsuite> <!-- Test -->
