<?xml version="1.0" encoding="UTF-8"?>
<testng-results skipped="0" failed="0" total="3" passed="3">
  <reporter-output>
  </reporter-output>
  <suite name="Suite" duration-ms="45993" started-at="2016-02-21T07:44:50Z" finished-at="2016-02-21T07:45:36Z">
    <groups>
      <group name="Regression">
        <method signature="Scenario_Login.InvalidLogin(java.lang.String, java.lang.String, java.lang.String, java.lang.String, java.lang.String)[pri:0, instance:testScript.Scenario_Login@17ecdf0]" name="InvalidLogin" class="testScript.Scenario_Login"/>
        <method signature="Scenario_Login.ValidLogin(java.lang.String, java.lang.String, java.lang.String, java.lang.String, java.lang.String)[pri:0, instance:testScript.Scenario_Login@17ecdf0]" name="ValidLogin" class="testScript.Scenario_Login"/>
      </group> <!-- Regression -->
      <group name="SmokeTest">
        <method signature="Scenario_Login.ValidLogin(java.lang.String, java.lang.String, java.lang.String, java.lang.String, java.lang.String)[pri:0, instance:testScript.Scenario_Login@17ecdf0]" name="ValidLogin" class="testScript.Scenario_Login"/>
      </group> <!-- SmokeTest -->
    </groups>
    <test name="Test" duration-ms="45993" started-at="2016-02-21T07:44:50Z" finished-at="2016-02-21T07:45:36Z">
      <class name="testScript.Scenario_Login">
        <test-method status="PASS" signature="launchbrowser()[pri:0, instance:testScript.Scenario_Login@17ecdf0]" name="launchbrowser" is-config="true" duration-ms="9803" started-at="2016-02-21T13:14:51Z" finished-at="2016-02-21T13:15:01Z">
          <reporter-output>
          </reporter-output>
        </test-method> <!-- launchbrowser -->
        <test-method status="PASS" signature="InvalidLogin(java.lang.String, java.lang.String, java.lang.String, java.lang.String, java.lang.String)[pri:0, instance:testScript.Scenario_Login@17ecdf0]" name="InvalidLogin" duration-ms="4392" started-at="2016-02-21T13:15:01Z" data-provider="Invalid_Login" finished-at="2016-02-21T13:15:05Z">
          <params>
            <param index="0">
              <value>
                <![CDATA[GB_01]]>
              </value>
            </param>
            <param index="1">
              <value>
                <![CDATA[1.0]]>
              </value>
            </param>
            <param index="2">
              <value>
                <![CDATA[Raje]]>
              </value>
            </param>
            <param index="3">
              <value>
                <![CDATA[ghagh]]>
              </value>
            </param>
            <param index="4">
              <value>
                <![CDATA[Sorry we were unable to complete this step because :]]>
              </value>
            </param>
          </params>
          <reporter-output>
          </reporter-output>
        </test-method> <!-- InvalidLogin -->
        <test-method status="PASS" signature="tear_down()[pri:0, instance:testScript.Scenario_Login@17ecdf0]" name="tear_down" is-config="true" duration-ms="954" started-at="2016-02-21T13:15:05Z" finished-at="2016-02-21T13:15:06Z">
          <reporter-output>
          </reporter-output>
        </test-method> <!-- tear_down -->
        <test-method status="PASS" signature="launchbrowser()[pri:0, instance:testScript.Scenario_Login@17ecdf0]" name="launchbrowser" is-config="true" duration-ms="9850" started-at="2016-02-21T13:15:06Z" finished-at="2016-02-21T13:15:16Z">
          <reporter-output>
          </reporter-output>
        </test-method> <!-- launchbrowser -->
        <test-method status="PASS" signature="InvalidLogin(java.lang.String, java.lang.String, java.lang.String, java.lang.String, java.lang.String)[pri:0, instance:testScript.Scenario_Login@17ecdf0]" name="InvalidLogin" duration-ms="3464" started-at="2016-02-21T13:15:16Z" data-provider="Invalid_Login" finished-at="2016-02-21T13:15:19Z">
          <params>
            <param index="0">
              <value>
                <![CDATA[GB_02]]>
              </value>
            </param>
            <param index="1">
              <value>
                <![CDATA[1.0]]>
              </value>
            </param>
            <param index="2">
              <value>
                <![CDATA[Raje]]>
              </value>
            </param>
            <param index="3">
              <value>
                <![CDATA[learn123]]>
              </value>
            </param>
            <param index="4">
              <value>
                <![CDATA[Sorry we were unable to complete this step because :]]>
              </value>
            </param>
          </params>
          <reporter-output>
          </reporter-output>
        </test-method> <!-- InvalidLogin -->
        <test-method status="PASS" signature="tear_down()[pri:0, instance:testScript.Scenario_Login@17ecdf0]" name="tear_down" is-config="true" duration-ms="702" started-at="2016-02-21T13:15:19Z" finished-at="2016-02-21T13:15:20Z">
          <reporter-output>
          </reporter-output>
        </test-method> <!-- tear_down -->
        <test-method status="PASS" signature="launchbrowser()[pri:0, instance:testScript.Scenario_Login@17ecdf0]" name="launchbrowser" is-config="true" duration-ms="10253" started-at="2016-02-21T13:15:20Z" finished-at="2016-02-21T13:15:30Z">
          <reporter-output>
          </reporter-output>
        </test-method> <!-- launchbrowser -->
        <test-method status="PASS" signature="ValidLogin(java.lang.String, java.lang.String, java.lang.String, java.lang.String, java.lang.String)[pri:0, instance:testScript.Scenario_Login@17ecdf0]" name="ValidLogin" duration-ms="5027" started-at="2016-02-21T13:15:30Z" data-provider="valid_Login" finished-at="2016-02-21T13:15:35Z">
          <params>
            <param index="0">
              <value>
                <![CDATA[GB_07]]>
              </value>
            </param>
            <param index="1">
              <value>
                <![CDATA[1.0]]>
              </value>
            </param>
            <param index="2">
              <value>
                <![CDATA[qtpworld2008@gmail.com]]>
              </value>
            </param>
            <param index="3">
              <value>
                <![CDATA[learn123]]>
              </value>
            </param>
            <param index="4">
              <value>
                <![CDATA[qtpworld2008 g]]>
              </value>
            </param>
          </params>
          <reporter-output>
          </reporter-output>
        </test-method> <!-- ValidLogin -->
        <test-method status="PASS" signature="tear_down()[pri:0, instance:testScript.Scenario_Login@17ecdf0]" name="tear_down" is-config="true" duration-ms="450" started-at="2016-02-21T13:15:35Z" finished-at="2016-02-21T13:15:36Z">
          <reporter-output>
          </reporter-output>
        </test-method> <!-- tear_down -->
      </class> <!-- testScript.Scenario_Login -->
    </test> <!-- Test -->
  </suite> <!-- Suite -->
</testng-results>
